<?xml version="1.0" encoding="UTF-8"?>
<!-- Generated by org.testng.reporters.JUnitXMLReporter -->
<testsuite hostname="admin-PC" name="test1" tests="2" failures="1" timestamp="31 Oct 2020 05:23:13 GMT" time="0.69" errors="0">
  <testcase name="test1" time="0.592" classname="com.mock.example.service.testngimpl.test1.TestNgMysql">
    <failure type="java.lang.RuntimeException" message="Timed out waiting for the codeBlock to not throw throwable!">
      <![CDATA[java.lang.RuntimeException: Timed out waiting for the codeBlock to not throw throwable!
	at com.mock.constant.teseng.BaseTestNgPrepare.waitForCodeBlockToNotThrowThrowableAndReturnTrue(BaseTestNgPrepare.java:86)
	at com.mock.constant.teseng.BaseTestNgPrepare.waitForCheckoutResult(BaseTestNgPrepare.java:48)
	at com.mock.example.service.testngimpl.test1.TestNgMysql.test1(TestNgMysql.java:15)
Caused by: java.lang.AssertionError: expected [121] but found [12]
	at com.mock.example.service.testngimpl.test1.TestNgMysql.lambda$0(TestNgMysql.java:16)
	at com.mock.constant.teseng.BaseTestNgPrepare.lambda$0(BaseTestNgPrepare.java:49)
	at com.mock.constant.teseng.BaseTestNgPrepare.waitForCodeBlockToNotThrowThrowableAndReturnTrue(BaseTestNgPrepare.java:68)
	... 26 more
... Removed 30 stack frames]]>
    </failure>
  </testcase> <!-- test1 -->
  <testcase name="testLambda" time="0.009" classname="com.mock.example.service.testngimpl.test1.TestNgMysql"/>
</testsuite> <!-- test1 -->
